{"contracts/Lottery.sol":{"l":{"16":1,"17":1,"21":0,"22":0,"26":1,"27":1,"31":2,"35":1,"36":1,"37":1,"39":0,"44":1,"48":0,"49":0,"50":0,"51":0},"path":"/home/cmarchese/ethKipu/LoteryOracle/contracts/Lottery.sol","s":{"1":1,"2":0,"3":1,"4":1,"5":1,"6":0,"7":0,"8":0},"b":{"1":[1,0],"2":[0,0],"3":[1,0],"4":[1,0],"5":[0,1],"6":[1,0]},"f":{"1":1,"2":0,"3":1,"4":2,"5":1,"6":1,"7":0},"fnMap":{"1":{"name":"minAmount","line":15,"loc":{"start":{"line":15,"column":4},"end":{"line":18,"column":4}}},"2":{"name":"onlyOracle","line":20,"loc":{"start":{"line":20,"column":4},"end":{"line":23,"column":4}}},"3":{"name":"onlyOwner","line":25,"loc":{"start":{"line":25,"column":4},"end":{"line":28,"column":4}}},"4":{"name":"constructor","line":30,"loc":{"start":{"line":30,"column":4},"end":{"line":32,"column":4}}},"5":{"name":"play","line":34,"loc":{"start":{"line":34,"column":4},"end":{"line":41,"column":4}}},"6":{"name":"setOracle","line":43,"loc":{"start":{"line":43,"column":4},"end":{"line":45,"column":4}}},"7":{"name":"fullfilRandomness","line":47,"loc":{"start":{"line":47,"column":4},"end":{"line":54,"column":4}}}},"statementMap":{"1":{"start":{"line":16,"column":8},"end":{"line":16,"column":49}},"2":{"start":{"line":21,"column":8},"end":{"line":21,"column":55}},"3":{"start":{"line":26,"column":8},"end":{"line":26,"column":54}},"4":{"start":{"line":35,"column":8},"end":{"line":35,"column":36}},"5":{"start":{"line":37,"column":8},"end":{"line":37,"column":801}},"6":{"start":{"line":39,"column":12},"end":{"line":39,"column":22}},"7":{"start":{"line":48,"column":8},"end":{"line":48,"column":31}},"8":{"start":{"line":50,"column":8},"end":{"line":50,"column":46}}},"branchMap":{"1":{"line":16,"type":"if","locations":[{"start":{"line":16,"column":8},"end":{"line":16,"column":8}},{"start":{"line":16,"column":8},"end":{"line":16,"column":8}}]},"2":{"line":21,"type":"if","locations":[{"start":{"line":21,"column":8},"end":{"line":21,"column":8}},{"start":{"line":21,"column":8},"end":{"line":21,"column":8}}]},"3":{"line":26,"type":"if","locations":[{"start":{"line":26,"column":8},"end":{"line":26,"column":8}},{"start":{"line":26,"column":8},"end":{"line":26,"column":8}}]},"4":{"line":34,"type":"if","locations":[{"start":{"line":34,"column":37},"end":{"line":34,"column":37}},{"start":{"line":34,"column":37},"end":{"line":34,"column":37}}]},"5":{"line":37,"type":"if","locations":[{"start":{"line":37,"column":8},"end":{"line":37,"column":8}},{"start":{"line":37,"column":8},"end":{"line":37,"column":8}}]},"6":{"line":43,"type":"if","locations":[{"start":{"line":43,"column":49},"end":{"line":43,"column":49}},{"start":{"line":43,"column":49},"end":{"line":43,"column":49}}]}}}}